<?xml version="1.0" encoding="UTF-8"?>
<testsuite xmlns:xsi="http://www.w3.org/2001/XMLSchema-instance" xsi:noNamespaceSchemaLocation="https://maven.apache.org/surefire/maven-surefire-plugin/xsd/surefire-test-report.xsd" version="3.0.2" name="testRunner.TestRunner" time="25.105" tests="9" errors="0" skipped="7" failures="0">
  <properties>
[...]
</properties>
  <testcase name="Advanced Search Page - Ebay logo on Advanced Search Page" classname="Advanced Search Page" time="0.0">
    <skipped message="&apos;cucumber.filter.tags=@P11&apos; did not match this scenario"/>
  </testcase>
  <testcase name="Advanced Search Page - Advanced Search an item" classname="Advanced Search Page" time="10.091">
    <system-out><![CDATA[
@P11 @setCookies @t1
&amp#27;[1mScenario:&amp#27;[22m Advanced Search an item            &amp#27;[90m# classpath:features/Ebay_AdvancedSearch.feature:10&amp#27;[0m
Global before hook
Scenario specific before hook
I am on Ebay Advanced Search Page
  &amp#27;[32m✔&amp#27;[0m &amp#27;[32m&amp#27;[1mGiven &amp#27;[22mI am on Ebay Advanced Search Page&amp#27;[0m  &amp#27;[90m# steps.EbayAdvancedSearch_Steps.i_am_on_ebay_advanced_search_page()&amp#27;[0m
  &amp#27;[32m✔&amp#27;[0m &amp#27;[32m&amp#27;[1mWhen &amp#27;[22mI do an advanced search for an item&amp#27;[0m &amp#27;[90m# steps.EbayAdvancedSearch_Steps.i_do_an_advanced_search_for_an_item(io.cucumber.datatable.DataTable)&amp#27;[0m
      | keyword   | exclude     | min | max |
      | iPhone 11 | refurbished | 300 | 900 |
Scenario specific after hook
Global after hook
]]></system-out>
    <system-err><![CDATA[SLF4J(W): No SLF4J providers were found.
SLF4J(W): Defaulting to no-operation (NOP) logger implementation
SLF4J(W): See https://www.slf4j.org/codes.html#noProviders for further details.
Oct 03, 2025 9:18:18 AM org.openqa.selenium.devtools.CdpVersionFinder findNearestMatch
WARNING: Unable to find an exact match for CDP version 140, returning the closest version; found: 139; Please update to a Selenium version that supports CDP version 140
]]></system-err>
  </testcase>
  <testcase name="ebay Home Page feature - Advanced Search Link" classname="ebay Home Page feature" time="0.0">
    <skipped message="&apos;cucumber.filter.tags=@P11&apos; did not match this scenario"/>
  </testcase>
  <testcase name="ebay Home Page feature - Validate search results count - iPhone" classname="ebay Home Page feature" time="0.0">
    <skipped message="&apos;cucumber.filter.tags=@P11&apos; did not match this scenario"/>
  </testcase>
  <testcase name="ebay Home Page feature - Validate search results count - Toy cars" classname="ebay Home Page feature" time="0.0">
    <skipped message="&apos;cucumber.filter.tags=@P11&apos; did not match this scenario"/>
  </testcase>
  <testcase name="ebay Home Page feature - Search for an item in a particular category" classname="ebay Home Page feature" time="14.536">
    <system-out><![CDATA[
@P30 @P11
&amp#27;[1mScenario:&amp#27;[22m Search for an item in a particular category            &amp#27;[90m# classpath:features/Ebay_Home.feature:22&amp#27;[0m
Global before hook
I am on ebay home page
  &amp#27;[32m✔&amp#27;[0m &amp#27;[32m&amp#27;[1mGiven &amp#27;[22mI am on ebay home page&amp#27;[0m                                 &amp#27;[90m# steps.EbayHome_Steps.i_am_on_ebay_home_page()&amp#27;[0m
  &amp#27;[32m✔&amp#27;[0m &amp#27;[32m&amp#27;[1mWhen &amp#27;[22mI search for &amp#27;[1m'soap'&amp#27;[22m in &amp#27;[1m'Baby'&amp#27;[22m category&amp#27;[0m                  &amp#27;[90m# steps.EbayHome_Steps.i_search_for_in_category(java.lang.String,java.lang.String)&amp#27;[0m
  &amp#27;[32m✔&amp#27;[0m &amp#27;[32m&amp#27;[1mThen &amp#27;[22mI validate that the search results count is atleast &amp#27;[1m100&amp#27;[22m&amp#27;[0m &amp#27;[90m# steps.EbayHome_Steps.i_validate_that_the_search_results_count_is_atleast(int)&amp#27;[0m
Global after hook
]]></system-out>
    <system-err><![CDATA[Oct 03, 2025 9:18:28 AM org.openqa.selenium.devtools.CdpVersionFinder findNearestMatch
WARNING: Unable to find an exact match for CDP version 140, returning the closest version; found: 139; Please update to a Selenium version that supports CDP version 140
]]></system-err>
  </testcase>
  <testcase name="ebay Home Page feature - Home Page Links - Examples - Example #1.1" classname="ebay Home Page feature - Home Page Links - Examples" time="0.0">
    <skipped message="&apos;cucumber.filter.tags=@P11&apos; did not match this scenario"/>
  </testcase>
  <testcase name="ebay Home Page feature - Home Page Links - Examples - Example #1.2" classname="ebay Home Page feature - Home Page Links - Examples" time="0.0">
    <skipped message="&apos;cucumber.filter.tags=@P11&apos; did not match this scenario"/>
  </testcase>
  <testcase name="ebay Home Page feature - Home Page Links - Examples - Example #1.3" classname="ebay Home Page feature - Home Page Links - Examples" time="0.0">
    <skipped message="&apos;cucumber.filter.tags=@P11&apos; did not match this scenario"/>
  </testcase>
</testsuite>